<?xml version="1.0" encoding="UTF-8"?>
<!-- Generated by org.testng.reporters.JUnitReportReporter -->
<testsuite hostname="DARSHU_SURAJ" failures="0" tests="1" name="selenium_basics.alert_handle" time="109.852" errors="0" timestamp="2025-03-21T12:24:17 IST" skipped="0">
  <testcase classname="selenium_basics.alert_handle" name="f" time="109.852"/>
</testsuite> <!-- selenium_basics.alert_handle -->
