<?xml version="1.0" encoding="UTF-8"?>
<!-- Generated by org.testng.reporters.JUnitReportReporter -->
<testsuite hostname="DARSHU_SURAJ" failures="0" tests="1" name="NewTest.task_2" time="9.493" errors="0" timestamp="2025-02-19T11:54:08 IST" skipped="0">
  <testcase classname="NewTest.task_2" name="task" time="9.493"/>
</testsuite> <!-- NewTest.task_2 -->
