<?xml version="1.0" encoding="UTF-8"?>
<!-- Generated by org.testng.reporters.JUnitReportReporter -->
<testsuite hostname="DARSHU_SURAJ" failures="0" tests="1" name="NewTest.data_provider_demo" time="0.020" errors="0" timestamp="2025-03-20T17:09:01 IST" skipped="0">
  <testcase classname="NewTest.data_provider_demo" name="testLogin" time="0.020"/>
</testsuite> <!-- NewTest.data_provider_demo -->
