<?xml version="1.0" encoding="UTF-8"?>
<!-- Generated by org.testng.reporters.JUnitReportReporter -->
<testsuite hostname="DARSHU_SURAJ" failures="0" tests="1" name="NewTest.Task1" time="46.561" errors="0" timestamp="2025-02-18T11:21:32 IST" skipped="0">
  <testcase classname="NewTest.Task1" name="t1" time="46.561"/>
</testsuite> <!-- NewTest.Task1 -->
