<?xml version="1.0" encoding="UTF-8"?>
<!-- Generated by org.testng.reporters.JUnitReportReporter -->
<testsuite hostname="DARSHU_SURAJ" failures="0" tests="1" name="selenium_basics.frame_demo" time="13.370" errors="0" timestamp="2025-03-31T13:35:19 IST" skipped="0">
  <testcase classname="selenium_basics.frame_demo" name="f" time="13.370"/>
</testsuite> <!-- selenium_basics.frame_demo -->
